[5, 10, 10, 10] -1348.0
[10, 10, 10, 10] -3241.0
[5, 10, 10, 10] -3436.0
[0, 10, 10, 10] -1000000
[0, 10, 10, 10] -1000000
[0, 10, 10, 10] -1000000
[0, 10, 10, 10] -1000000
[5, 10, 15, 10] -3922.0
[0, 10, 15, 10] -1000000
[0, 10, 15, 10] -1000000
[0, 10, 15, 10] -1000000
[0, 10, 15, 10] -1000000
[5, 10, 15, 10] -4088.0
[5, 5, 15, 10] -4368.0
[0, 5, 15, 10] -1000000
[5, 10, 15, 10] -5065.0
[0, 10, 15, 10] -1000000
[0, 10, 15, 10] -1000000
[0, 10, 15, 10] -1000000
[5, 10, 10, 10] -4737.0
[0, 10, 10, 10] -1000000
[5, 10, 15, 10] -5053.0
[0, 10, 15, 10] -1000000
[0, 10, 15, 10] -1000000
[0, 10, 15, 10] -1000000
[5, 10, 15, 15] -5487.0
[0, 10, 15, 15] -1000000
[0, 10, 15, 15] -1000000
[0, 10, 15, 15] -1000000
[0, 10, 15, 15] -1000000
[0, 10, 15, 15] -1000000
[5, 10, 20, 15] -6006.0
[0, 10, 20, 15] -1000000
[0, 10, 20, 15] -1000000
[0, 10, 20, 15] -1000000
[5, 10, 20, 10] -5583.0
[0, 10, 20, 10] -1000000
[0, 10, 20, 10] -1000000
[0, 10, 20, 10] -1000000
[5, 10, 20, 10] -5583.0
[0, 10, 20, 10] -1000000
[0, 10, 20, 10] -1000000
[5, 15, 20, 10] -5823.0
[0, 15, 20, 10] -1000000
[0, 15, 20, 10] -1000000
[0, 15, 20, 10] -1000000
[0, 15, 20, 10] -1000000
[0, 15, 20, 10] -1000000
[0, 15, 20, 10] -1000000
[0, 15, 20, 10] -1000000
[0, 15, 20, 10] -1000000
[5, 15, 20, 15] -6237.0
[5, 15, 25, 15] -6730.0
[5, 15, 25, 15] -6533.0
[0, 15, 25, 15] -1000000
[0, 15, 25, 15] -1000000
[0, 15, 25, 15] -1000000
[0, 15, 25, 15] -1000000
[0, 15, 25, 15] -1000000
[0, 15, 25, 15] -1000000
[0, 15, 25, 15] -1000000
[0, 15, 25, 15] -1000000
[0, 15, 25, 15] -1000000
[0, 15, 25, 15] -1000000
[0, 15, 25, 15] -1000000
[0, 15, 25, 15] -1000000
[5, 15, 25, 10] -6135.0
[5, 10, 25, 10] -6026.0
[5, 5, 25, 10] -5667.0
[10, 5, 25, 10] -5825.0
[10, 5, 25, 15] -6384.0
[10, 5, 25, 20] -6728.0
[10, 5, 25, 15] -6440.0
[10, 5, 25, 20] -6673.0
[10, 5, 25, 25] -7132.0
[10, 5, 25, 30] -7721.0
[10, 5, 20, 30] -7435.0
[10, 5, 20, 35] -7671.0
[10, 5, 20, 40] -8214.0
[10, 5, 20, 45] -8725.0
[10, 5, 20, 50] -8970.0
[10, 0, 20, 50] -1000000
[10, 5, 20, 55] -9511.0
[10, 0, 20, 55] -1000000
[10, 5, 25, 55] -9770.0
[10, 5, 25, 60] -10182.0
[10, 5, 25, 60] -10103.0
[10, 5, 25, 65] -1000000
[10, 5, 25, 65] -1000000
[10, 5, 25, 65] -1000000
[10, 5, 25, 65] -1000000
[10, 5, 25, 65] -1000000
[10, 5, 25, 65] -1000000
[10, 0, 25, 60] -1000000
[15, 5, 25, 60] -10342.0
[10, 5, 25, 60] -10187.0
[10, 5, 25, 60] -10440.0
[10, 0, 25, 60] -1000000
[15, 5, 25, 60] -10599.0
[15, 5, 20, 60] -10295.0
[15, 5, 20, 65] -1000000
[15, 5, 15, 60] -9982.0
[15, 0, 15, 60] -1000000
